<?xml version="1.0" encoding="UTF-8"?>
<testsuite xmlns:xsi="http://www.w3.org/2001/XMLSchema-instance" xsi:noNamespaceSchemaLocation="https://maven.apache.org/surefire/maven-surefire-plugin/xsd/surefire-test-report.xsd" name="com.search.api.test.NyTimesApiApplicationTests" time="54.626" tests="2" errors="0" skipped="0" failures="0">
  <properties>
    <property name="sun.desktop" value="windows"/>
    <property name="awt.toolkit" value="sun.awt.windows.WToolkit"/>
    <property name="file.encoding.pkg" value="sun.io"/>
    <property name="java.specification.version" value="1.8"/>
    <property name="sun.cpu.isalist" value="amd64"/>
    <property name="sun.jnu.encoding" value="Cp1252"/>
    <property name="java.class.path" value="F:\Github\POCAPIRepo\NYTimesAPI\target\test-classes;F:\Github\POCAPIRepo\NYTimesAPI\target\classes;F:\LocalRepository\org\springframework\boot\spring-boot-starter-webflux\2.0.5.RELEASE\spring-boot-starter-webflux-2.0.5.RELEASE.jar;F:\LocalRepository\org\springframework\boot\spring-boot-starter\2.0.5.RELEASE\spring-boot-starter-2.0.5.RELEASE.jar;F:\LocalRepository\org\springframework\boot\spring-boot\2.0.5.RELEASE\spring-boot-2.0.5.RELEASE.jar;F:\LocalRepository\org\springframework\spring-context\5.0.9.RELEASE\spring-context-5.0.9.RELEASE.jar;F:\LocalRepository\org\springframework\spring-aop\5.0.9.RELEASE\spring-aop-5.0.9.RELEASE.jar;F:\LocalRepository\org\springframework\spring-expression\5.0.9.RELEASE\spring-expression-5.0.9.RELEASE.jar;F:\LocalRepository\org\springframework\boot\spring-boot-autoconfigure\2.0.5.RELEASE\spring-boot-autoconfigure-2.0.5.RELEASE.jar;F:\LocalRepository\org\springframework\boot\spring-boot-starter-logging\2.0.5.RELEASE\spring-boot-starter-logging-2.0.5.RELEASE.jar;F:\LocalRepository\ch\qos\logback\logback-classic\1.2.3\logback-classic-1.2.3.jar;F:\LocalRepository\ch\qos\logback\logback-core\1.2.3\logback-core-1.2.3.jar;F:\LocalRepository\org\apache\logging\log4j\log4j-to-slf4j\2.10.0\log4j-to-slf4j-2.10.0.jar;F:\LocalRepository\org\apache\logging\log4j\log4j-api\2.10.0\log4j-api-2.10.0.jar;F:\LocalRepository\org\slf4j\jul-to-slf4j\1.7.25\jul-to-slf4j-1.7.25.jar;F:\LocalRepository\javax\annotation\javax.annotation-api\1.3.2\javax.annotation-api-1.3.2.jar;F:\LocalRepository\org\yaml\snakeyaml\1.19\snakeyaml-1.19.jar;F:\LocalRepository\org\springframework\boot\spring-boot-starter-json\2.0.5.RELEASE\spring-boot-starter-json-2.0.5.RELEASE.jar;F:\LocalRepository\com\fasterxml\jackson\core\jackson-databind\2.9.6\jackson-databind-2.9.6.jar;F:\LocalRepository\com\fasterxml\jackson\core\jackson-annotations\2.9.0\jackson-annotations-2.9.0.jar;F:\LocalRepository\com\fasterxml\jackson\core\jackson-core\2.9.6\jackson-core-2.9.6.jar;F:\LocalRepository\com\fasterxml\jackson\datatype\jackson-datatype-jdk8\2.9.6\jackson-datatype-jdk8-2.9.6.jar;F:\LocalRepository\com\fasterxml\jackson\datatype\jackson-datatype-jsr310\2.9.6\jackson-datatype-jsr310-2.9.6.jar;F:\LocalRepository\com\fasterxml\jackson\module\jackson-module-parameter-names\2.9.6\jackson-module-parameter-names-2.9.6.jar;F:\LocalRepository\org\springframework\boot\spring-boot-starter-reactor-netty\2.0.5.RELEASE\spring-boot-starter-reactor-netty-2.0.5.RELEASE.jar;F:\LocalRepository\io\projectreactor\ipc\reactor-netty\0.7.9.RELEASE\reactor-netty-0.7.9.RELEASE.jar;F:\LocalRepository\io\netty\netty-codec-http\4.1.29.Final\netty-codec-http-4.1.29.Final.jar;F:\LocalRepository\io\netty\netty-codec\4.1.29.Final\netty-codec-4.1.29.Final.jar;F:\LocalRepository\io\netty\netty-handler\4.1.29.Final\netty-handler-4.1.29.Final.jar;F:\LocalRepository\io\netty\netty-buffer\4.1.29.Final\netty-buffer-4.1.29.Final.jar;F:\LocalRepository\io\netty\netty-transport\4.1.29.Final\netty-transport-4.1.29.Final.jar;F:\LocalRepository\io\netty\netty-resolver\4.1.29.Final\netty-resolver-4.1.29.Final.jar;F:\LocalRepository\io\netty\netty-handler-proxy\4.1.29.Final\netty-handler-proxy-4.1.29.Final.jar;F:\LocalRepository\io\netty\netty-codec-socks\4.1.29.Final\netty-codec-socks-4.1.29.Final.jar;F:\LocalRepository\io\netty\netty-transport-native-epoll\4.1.29.Final\netty-transport-native-epoll-4.1.29.Final-linux-x86_64.jar;F:\LocalRepository\io\netty\netty-common\4.1.29.Final\netty-common-4.1.29.Final.jar;F:\LocalRepository\io\netty\netty-transport-native-unix-common\4.1.29.Final\netty-transport-native-unix-common-4.1.29.Final.jar;F:\LocalRepository\org\hibernate\validator\hibernate-validator\6.0.12.Final\hibernate-validator-6.0.12.Final.jar;F:\LocalRepository\javax\validation\validation-api\2.0.1.Final\validation-api-2.0.1.Final.jar;F:\LocalRepository\org\jboss\logging\jboss-logging\3.3.2.Final\jboss-logging-3.3.2.Final.jar;F:\LocalRepository\com\fasterxml\classmate\1.3.4\classmate-1.3.4.jar;F:\LocalRepository\org\springframework\spring-web\5.0.9.RELEASE\spring-web-5.0.9.RELEASE.jar;F:\LocalRepository\org\springframework\spring-beans\5.0.9.RELEASE\spring-beans-5.0.9.RELEASE.jar;F:\LocalRepository\org\springframework\spring-webflux\5.0.9.RELEASE\spring-webflux-5.0.9.RELEASE.jar;F:\LocalRepository\org\synchronoss\cloud\nio-multipart-parser\1.1.0\nio-multipart-parser-1.1.0.jar;F:\LocalRepository\org\slf4j\slf4j-api\1.7.25\slf4j-api-1.7.25.jar;F:\LocalRepository\org\synchronoss\cloud\nio-stream-storage\1.1.3\nio-stream-storage-1.1.3.jar;F:\LocalRepository\org\springframework\boot\spring-boot-starter-test\2.0.5.RELEASE\spring-boot-starter-test-2.0.5.RELEASE.jar;F:\LocalRepository\org\springframework\boot\spring-boot-test\2.0.5.RELEASE\spring-boot-test-2.0.5.RELEASE.jar;F:\LocalRepository\org\springframework\boot\spring-boot-test-autoconfigure\2.0.5.RELEASE\spring-boot-test-autoconfigure-2.0.5.RELEASE.jar;F:\LocalRepository\com\jayway\jsonpath\json-path\2.4.0\json-path-2.4.0.jar;F:\LocalRepository\net\minidev\json-smart\2.3\json-smart-2.3.jar;F:\LocalRepository\net\minidev\accessors-smart\1.2\accessors-smart-1.2.jar;F:\LocalRepository\org\ow2\asm\asm\5.0.4\asm-5.0.4.jar;F:\LocalRepository\junit\junit\4.12\junit-4.12.jar;F:\LocalRepository\org\assertj\assertj-core\3.9.1\assertj-core-3.9.1.jar;F:\LocalRepository\org\mockito\mockito-core\2.15.0\mockito-core-2.15.0.jar;F:\LocalRepository\net\bytebuddy\byte-buddy\1.7.11\byte-buddy-1.7.11.jar;F:\LocalRepository\net\bytebuddy\byte-buddy-agent\1.7.11\byte-buddy-agent-1.7.11.jar;F:\LocalRepository\org\objenesis\objenesis\2.6\objenesis-2.6.jar;F:\LocalRepository\org\hamcrest\hamcrest-core\1.3\hamcrest-core-1.3.jar;F:\LocalRepository\org\hamcrest\hamcrest-library\1.3\hamcrest-library-1.3.jar;F:\LocalRepository\org\skyscreamer\jsonassert\1.5.0\jsonassert-1.5.0.jar;F:\LocalRepository\com\vaadin\external\google\android-json\0.0.20131108.vaadin1\android-json-0.0.20131108.vaadin1.jar;F:\LocalRepository\org\springframework\spring-core\5.0.9.RELEASE\spring-core-5.0.9.RELEASE.jar;F:\LocalRepository\org\springframework\spring-jcl\5.0.9.RELEASE\spring-jcl-5.0.9.RELEASE.jar;F:\LocalRepository\org\springframework\spring-test\5.0.9.RELEASE\spring-test-5.0.9.RELEASE.jar;F:\LocalRepository\org\xmlunit\xmlunit-core\2.5.1\xmlunit-core-2.5.1.jar;F:\LocalRepository\io\projectreactor\reactor-test\3.1.9.RELEASE\reactor-test-3.1.9.RELEASE.jar;F:\LocalRepository\io\projectreactor\reactor-core\3.1.9.RELEASE\reactor-core-3.1.9.RELEASE.jar;F:\LocalRepository\org\reactivestreams\reactive-streams\1.0.2\reactive-streams-1.0.2.jar;F:\LocalRepository\org\springframework\boot\spring-boot-configuration-processor\2.0.5.RELEASE\spring-boot-configuration-processor-2.0.5.RELEASE.jar;"/>
    <property name="java.vm.vendor" value="Oracle Corporation"/>
    <property name="sun.arch.data.model" value="64"/>
    <property name="user.variant" value=""/>
    <property name="java.vendor.url" value="http://java.oracle.com/"/>
    <property name="user.timezone" value="Asia/Muscat"/>
    <property name="java.vm.specification.version" value="1.8"/>
    <property name="os.name" value="Windows 8.1"/>
    <property name="user.country" value="GB"/>
    <property name="sun.java.launcher" value="SUN_STANDARD"/>
    <property name="sun.boot.library.path" value="C:\Program Files\Java\jdk1.8.0_51\jre\bin"/>
    <property name="sun.java.command" value="C:\Users\Waqas\AppData\Local\Temp\surefire6422696641981813628\surefirebooter6537169573507992622.jar C:\Users\Waqas\AppData\Local\Temp\surefire6422696641981813628 2018-11-24T16-59-22_359-jvmRun1 surefire5586057856380097342tmp surefire_08293083802722963332tmp"/>
    <property name="surefire.test.class.path" value="F:\Github\POCAPIRepo\NYTimesAPI\target\test-classes;F:\Github\POCAPIRepo\NYTimesAPI\target\classes;F:\LocalRepository\org\springframework\boot\spring-boot-starter-webflux\2.0.5.RELEASE\spring-boot-starter-webflux-2.0.5.RELEASE.jar;F:\LocalRepository\org\springframework\boot\spring-boot-starter\2.0.5.RELEASE\spring-boot-starter-2.0.5.RELEASE.jar;F:\LocalRepository\org\springframework\boot\spring-boot\2.0.5.RELEASE\spring-boot-2.0.5.RELEASE.jar;F:\LocalRepository\org\springframework\spring-context\5.0.9.RELEASE\spring-context-5.0.9.RELEASE.jar;F:\LocalRepository\org\springframework\spring-aop\5.0.9.RELEASE\spring-aop-5.0.9.RELEASE.jar;F:\LocalRepository\org\springframework\spring-expression\5.0.9.RELEASE\spring-expression-5.0.9.RELEASE.jar;F:\LocalRepository\org\springframework\boot\spring-boot-autoconfigure\2.0.5.RELEASE\spring-boot-autoconfigure-2.0.5.RELEASE.jar;F:\LocalRepository\org\springframework\boot\spring-boot-starter-logging\2.0.5.RELEASE\spring-boot-starter-logging-2.0.5.RELEASE.jar;F:\LocalRepository\ch\qos\logback\logback-classic\1.2.3\logback-classic-1.2.3.jar;F:\LocalRepository\ch\qos\logback\logback-core\1.2.3\logback-core-1.2.3.jar;F:\LocalRepository\org\apache\logging\log4j\log4j-to-slf4j\2.10.0\log4j-to-slf4j-2.10.0.jar;F:\LocalRepository\org\apache\logging\log4j\log4j-api\2.10.0\log4j-api-2.10.0.jar;F:\LocalRepository\org\slf4j\jul-to-slf4j\1.7.25\jul-to-slf4j-1.7.25.jar;F:\LocalRepository\javax\annotation\javax.annotation-api\1.3.2\javax.annotation-api-1.3.2.jar;F:\LocalRepository\org\yaml\snakeyaml\1.19\snakeyaml-1.19.jar;F:\LocalRepository\org\springframework\boot\spring-boot-starter-json\2.0.5.RELEASE\spring-boot-starter-json-2.0.5.RELEASE.jar;F:\LocalRepository\com\fasterxml\jackson\core\jackson-databind\2.9.6\jackson-databind-2.9.6.jar;F:\LocalRepository\com\fasterxml\jackson\core\jackson-annotations\2.9.0\jackson-annotations-2.9.0.jar;F:\LocalRepository\com\fasterxml\jackson\core\jackson-core\2.9.6\jackson-core-2.9.6.jar;F:\LocalRepository\com\fasterxml\jackson\datatype\jackson-datatype-jdk8\2.9.6\jackson-datatype-jdk8-2.9.6.jar;F:\LocalRepository\com\fasterxml\jackson\datatype\jackson-datatype-jsr310\2.9.6\jackson-datatype-jsr310-2.9.6.jar;F:\LocalRepository\com\fasterxml\jackson\module\jackson-module-parameter-names\2.9.6\jackson-module-parameter-names-2.9.6.jar;F:\LocalRepository\org\springframework\boot\spring-boot-starter-reactor-netty\2.0.5.RELEASE\spring-boot-starter-reactor-netty-2.0.5.RELEASE.jar;F:\LocalRepository\io\projectreactor\ipc\reactor-netty\0.7.9.RELEASE\reactor-netty-0.7.9.RELEASE.jar;F:\LocalRepository\io\netty\netty-codec-http\4.1.29.Final\netty-codec-http-4.1.29.Final.jar;F:\LocalRepository\io\netty\netty-codec\4.1.29.Final\netty-codec-4.1.29.Final.jar;F:\LocalRepository\io\netty\netty-handler\4.1.29.Final\netty-handler-4.1.29.Final.jar;F:\LocalRepository\io\netty\netty-buffer\4.1.29.Final\netty-buffer-4.1.29.Final.jar;F:\LocalRepository\io\netty\netty-transport\4.1.29.Final\netty-transport-4.1.29.Final.jar;F:\LocalRepository\io\netty\netty-resolver\4.1.29.Final\netty-resolver-4.1.29.Final.jar;F:\LocalRepository\io\netty\netty-handler-proxy\4.1.29.Final\netty-handler-proxy-4.1.29.Final.jar;F:\LocalRepository\io\netty\netty-codec-socks\4.1.29.Final\netty-codec-socks-4.1.29.Final.jar;F:\LocalRepository\io\netty\netty-transport-native-epoll\4.1.29.Final\netty-transport-native-epoll-4.1.29.Final-linux-x86_64.jar;F:\LocalRepository\io\netty\netty-common\4.1.29.Final\netty-common-4.1.29.Final.jar;F:\LocalRepository\io\netty\netty-transport-native-unix-common\4.1.29.Final\netty-transport-native-unix-common-4.1.29.Final.jar;F:\LocalRepository\org\hibernate\validator\hibernate-validator\6.0.12.Final\hibernate-validator-6.0.12.Final.jar;F:\LocalRepository\javax\validation\validation-api\2.0.1.Final\validation-api-2.0.1.Final.jar;F:\LocalRepository\org\jboss\logging\jboss-logging\3.3.2.Final\jboss-logging-3.3.2.Final.jar;F:\LocalRepository\com\fasterxml\classmate\1.3.4\classmate-1.3.4.jar;F:\LocalRepository\org\springframework\spring-web\5.0.9.RELEASE\spring-web-5.0.9.RELEASE.jar;F:\LocalRepository\org\springframework\spring-beans\5.0.9.RELEASE\spring-beans-5.0.9.RELEASE.jar;F:\LocalRepository\org\springframework\spring-webflux\5.0.9.RELEASE\spring-webflux-5.0.9.RELEASE.jar;F:\LocalRepository\org\synchronoss\cloud\nio-multipart-parser\1.1.0\nio-multipart-parser-1.1.0.jar;F:\LocalRepository\org\slf4j\slf4j-api\1.7.25\slf4j-api-1.7.25.jar;F:\LocalRepository\org\synchronoss\cloud\nio-stream-storage\1.1.3\nio-stream-storage-1.1.3.jar;F:\LocalRepository\org\springframework\boot\spring-boot-starter-test\2.0.5.RELEASE\spring-boot-starter-test-2.0.5.RELEASE.jar;F:\LocalRepository\org\springframework\boot\spring-boot-test\2.0.5.RELEASE\spring-boot-test-2.0.5.RELEASE.jar;F:\LocalRepository\org\springframework\boot\spring-boot-test-autoconfigure\2.0.5.RELEASE\spring-boot-test-autoconfigure-2.0.5.RELEASE.jar;F:\LocalRepository\com\jayway\jsonpath\json-path\2.4.0\json-path-2.4.0.jar;F:\LocalRepository\net\minidev\json-smart\2.3\json-smart-2.3.jar;F:\LocalRepository\net\minidev\accessors-smart\1.2\accessors-smart-1.2.jar;F:\LocalRepository\org\ow2\asm\asm\5.0.4\asm-5.0.4.jar;F:\LocalRepository\junit\junit\4.12\junit-4.12.jar;F:\LocalRepository\org\assertj\assertj-core\3.9.1\assertj-core-3.9.1.jar;F:\LocalRepository\org\mockito\mockito-core\2.15.0\mockito-core-2.15.0.jar;F:\LocalRepository\net\bytebuddy\byte-buddy\1.7.11\byte-buddy-1.7.11.jar;F:\LocalRepository\net\bytebuddy\byte-buddy-agent\1.7.11\byte-buddy-agent-1.7.11.jar;F:\LocalRepository\org\objenesis\objenesis\2.6\objenesis-2.6.jar;F:\LocalRepository\org\hamcrest\hamcrest-core\1.3\hamcrest-core-1.3.jar;F:\LocalRepository\org\hamcrest\hamcrest-library\1.3\hamcrest-library-1.3.jar;F:\LocalRepository\org\skyscreamer\jsonassert\1.5.0\jsonassert-1.5.0.jar;F:\LocalRepository\com\vaadin\external\google\android-json\0.0.20131108.vaadin1\android-json-0.0.20131108.vaadin1.jar;F:\LocalRepository\org\springframework\spring-core\5.0.9.RELEASE\spring-core-5.0.9.RELEASE.jar;F:\LocalRepository\org\springframework\spring-jcl\5.0.9.RELEASE\spring-jcl-5.0.9.RELEASE.jar;F:\LocalRepository\org\springframework\spring-test\5.0.9.RELEASE\spring-test-5.0.9.RELEASE.jar;F:\LocalRepository\org\xmlunit\xmlunit-core\2.5.1\xmlunit-core-2.5.1.jar;F:\LocalRepository\io\projectreactor\reactor-test\3.1.9.RELEASE\reactor-test-3.1.9.RELEASE.jar;F:\LocalRepository\io\projectreactor\reactor-core\3.1.9.RELEASE\reactor-core-3.1.9.RELEASE.jar;F:\LocalRepository\org\reactivestreams\reactive-streams\1.0.2\reactive-streams-1.0.2.jar;F:\LocalRepository\org\springframework\boot\spring-boot-configuration-processor\2.0.5.RELEASE\spring-boot-configuration-processor-2.0.5.RELEASE.jar;"/>
    <property name="sun.cpu.endian" value="little"/>
    <property name="user.home" value="C:\Users\Waqas"/>
    <property name="user.language" value="en"/>
    <property name="java.specification.vendor" value="Oracle Corporation"/>
    <property name="java.home" value="C:\Program Files\Java\jdk1.8.0_51\jre"/>
    <property name="basedir" value="F:\Github\POCAPIRepo\NYTimesAPI"/>
    <property name="file.separator" value="\"/>
    <property name="line.separator" value="&#10;"/>
    <property name="java.vm.specification.vendor" value="Oracle Corporation"/>
    <property name="java.specification.name" value="Java Platform API Specification"/>
    <property name="java.awt.graphicsenv" value="sun.awt.Win32GraphicsEnvironment"/>
    <property name="surefire.real.class.path" value="C:\Users\Waqas\AppData\Local\Temp\surefire6422696641981813628\surefirebooter6537169573507992622.jar"/>
    <property name="sun.boot.class.path" value="C:\Program Files\Java\jdk1.8.0_51\jre\lib\resources.jar;C:\Program Files\Java\jdk1.8.0_51\jre\lib\rt.jar;C:\Program Files\Java\jdk1.8.0_51\jre\lib\sunrsasign.jar;C:\Program Files\Java\jdk1.8.0_51\jre\lib\jsse.jar;C:\Program Files\Java\jdk1.8.0_51\jre\lib\jce.jar;C:\Program Files\Java\jdk1.8.0_51\jre\lib\charsets.jar;C:\Program Files\Java\jdk1.8.0_51\jre\lib\jfr.jar;C:\Program Files\Java\jdk1.8.0_51\jre\classes"/>
    <property name="user.script" value=""/>
    <property name="sun.management.compiler" value="HotSpot 64-Bit Tiered Compilers"/>
    <property name="java.runtime.version" value="1.8.0_51-b16"/>
    <property name="user.name" value="Sardar"/>
    <property name="path.separator" value=";"/>
    <property name="os.version" value="6.3"/>
    <property name="java.endorsed.dirs" value="C:\Program Files\Java\jdk1.8.0_51\jre\lib\endorsed"/>
    <property name="java.runtime.name" value="Java(TM) SE Runtime Environment"/>
    <property name="file.encoding" value="Cp1252"/>
    <property name="java.vm.name" value="Java HotSpot(TM) 64-Bit Server VM"/>
    <property name="localRepository" value="F:\LocalRepository"/>
    <property name="java.vendor.url.bug" value="http://bugreport.sun.com/bugreport/"/>
    <property name="java.io.tmpdir" value="C:\Users\Waqas\AppData\Local\Temp\"/>
    <property name="java.version" value="1.8.0_51"/>
    <property name="user.dir" value="F:\Github\POCAPIRepo\NYTimesAPI"/>
    <property name="os.arch" value="amd64"/>
    <property name="java.vm.specification.name" value="Java Virtual Machine Specification"/>
    <property name="java.awt.printerjob" value="sun.awt.windows.WPrinterJob"/>
    <property name="sun.os.patch.level" value=""/>
    <property name="java.library.path" value="C:\Program Files\Java\jdk1.8.0_51\jre\bin;C:\WINDOWS\Sun\Java\bin;C:\WINDOWS\system32;C:\WINDOWS;C:/Program Files/Java/jre1.8.0_191/bin/server;C:/Program Files/Java/jre1.8.0_191/bin;C:/Program Files/Java/jre1.8.0_191/lib/amd64;C:\ProgramData\Oracle\Java\javapath;C:\Program Files (x86)\Common Files\Oracle\Java\javapath;C:\Program Files (x86)\Lenovo\FusionEngine;C:\Program Files (x86)\Intel\iCLS Client\;C:\Program Files\Intel\iCLS Client\;C:\WINDOWS\system32;C:\WINDOWS;C:\WINDOWS\System32\Wbem;C:\WINDOWS\System32\WindowsPowerShell\v1.0\;C:\Program Files (x86)\ATI Technologies\ATI.ACE\Core-Static;C:\Program Files\Intel\Intel(R) Management Engine Components\DAL;C:\Program Files (x86)\Intel\Intel(R) Management Engine Components\DAL;C:\Program Files\Intel\Intel(R) Management Engine Components\IPT;C:\Program Files (x86)\Intel\Intel(R) Management Engine Components\IPT;C:\Program Files\Intel\WiFi\bin\;C:\Program Files\Common Files\Intel\WirelessCommon\;C:\Program Files (x86)\MySQL\MySQL Fabric 1.5.4 &amp; MySQL Utilities 1.5.4 1.5\;C:\Program Files (x86)\MySQL\MySQL Fabric 1.5.4 &amp; MySQL Utilities 1.5.4 1.5\Doctrine extensions for PHP\;C:\Program Files (x86)\Skype\Phone\;C:\Program Files\Amazon\AWSCLI\;C:\Program Files\apache-maven-3.3.3\bin;%SUN_HOME%\jre\bin;C:\Users\Waqas\AppData\Local\Microsoft\WindowsApps;C:\Program Files\nodejs\;C:\Users\Waqas\AppData\Local\GitHub\PortableGit_69bd5e6f85e4842f07db71c9618a621154c52254\cmd;C:\Users\Waqas\AppData\Local\GitHub\PortableGit_69bd5e6f85e4842f07db71c9618a621154c52254\bin;;C:\WINDOWS\system32;C:\WINDOWS;C:\WINDOWS\System32\Wbem;C:\WINDOWS\System32\WindowsPowerShell\v1.0\;C:\WINDOWS\System32\OpenSSH\;C:\Users\Waqas\AppData\Local\Microsoft\WindowsApps;C:\Users\Waqas\AppData\Roaming\npm;C:\Users\Waqas\AppData\Local\GitHub\PortableGit_69bd5e6f85e4842f07db71c9618a621154c52254\cmd;C:\Users\Waqas\AppData\Local\GitHub\PortableGit_69bd5e6f85e4842f07db71c9618a621154c52254\bin;;F:\DevelopmentTools\sts-bundle\sts-3.9.1.RELEASE;;."/>
    <property name="java.vm.info" value="mixed mode"/>
    <property name="java.vendor" value="Oracle Corporation"/>
    <property name="java.vm.version" value="25.51-b03"/>
    <property name="java.ext.dirs" value="C:\Program Files\Java\jdk1.8.0_51\jre\lib\ext;C:\WINDOWS\Sun\Java\lib\ext"/>
    <property name="sun.io.unicode.encoding" value="UnicodeLittle"/>
    <property name="java.class.version" value="52.0"/>
  </properties>
  <testcase name="testDetailArticle" classname="com.search.api.test.NyTimesApiApplicationTests" time="4.157"/>
  <testcase name="testlistArticles" classname="com.search.api.test.NyTimesApiApplicationTests" time="0"/>
</testsuite>